-------------------------------------------------------------------------------
Test set: web.web_note.WebNoteApplicationTests
-------------------------------------------------------------------------------
Tests run: 1, Failures: 0, Errors: 1, Skipped: 0, Time elapsed: 0.855 s <<< FAILURE! - in web.web_note.WebNoteApplicationTests
web.web_note.WebNoteApplicationTests  Time elapsed: 0.846 s  <<< ERROR!
java.lang.IllegalStateException: Unable to find a @SpringBootConfiguration, you need to use @ContextConfiguration or @SpringBootTest(classes=...) with your test

